<?xml version="1.0" encoding="UTF-8"?>
<!-- Generated by org.testng.reporters.JUnitReportReporter -->
<testsuite skipped="0" hostname="MAVBCP3524" name="com.selenium.project.waittest" tests="1" failures="0" timestamp="2021-10-13T16:32:27 IST" time="49.882" errors="0">
  <testcase name="testUntitled" time="49.882" classname="com.selenium.project.waittest"/>
  <system-out/>
</testsuite> <!-- com.selenium.project.waittest -->
