<?xml version="1.0" encoding="UTF-8"?>
<!-- Generated by org.testng.reporters.JUnitReportReporter -->
<testsuite hostname="MAVBCP3524" failures="0" tests="1" name="com.selenium.project.RecorderScript" time="17.884" errors="0" timestamp="2021-10-08T13:00:35 IST" skipped="0">
  <testcase classname="com.selenium.project.RecorderScript" name="testParameterWithXML" time="17.884"/>
  <system-out/>
</testsuite> <!-- com.selenium.project.RecorderScript -->
