<?xml version="1.0" encoding="UTF-8"?>
<!-- Generated by org.testng.reporters.JUnitReportReporter -->
<testsuite skipped="0" hostname="MAVBCP3524" name="com.individual.activity.SauceDemo" tests="1" failures="0" timestamp="2021-10-13T16:32:27 IST" time="23.034" errors="0">
  <testcase name="sauceDemo" time="23.034" classname="com.individual.activity.SauceDemo"/>
  <system-out/>
</testsuite> <!-- com.individual.activity.SauceDemo -->
